<?xml version="1.0" encoding="UTF-8"?>
<!-- Generated by org.testng.reporters.JUnitReportReporter -->
<testsuite hostname="LAPTOP-T7CG9SLJ" failures="0" tests="1" name="RestAPIAutomation.RestAPIAutomation.SumValidation" time="1.249" errors="0" timestamp="2024-02-07T18:40:34 IST" skipped="0">
  <testcase classname="RestAPIAutomation.RestAPIAutomation.SumValidation" name="sumofcourses" time="1.249"/>
</testsuite> <!-- RestAPIAutomation.RestAPIAutomation.SumValidation -->
