<?xml version="1.0" encoding="UTF-8"?>
<!-- Generated by org.testng.reporters.JUnitReportReporter -->
<testsuite hostname="LAPTOP-T7CG9SLJ" failures="0" tests="3" name="files.dynamicJson" time="4.125" errors="0" timestamp="2024-02-12T19:12:45 IST" skipped="0">
  <testcase classname="files.dynamicJson" name="addBook" time="3.353"/>
  <testcase classname="files.dynamicJson" name="addBook" time="0.307"/>
  <testcase classname="files.dynamicJson" name="addBook" time="0.465"/>
</testsuite> <!-- files.dynamicJson -->
